[debug] [2024-11-05T21:32:44.708Z] ----------------------------------------------------------------------
[debug] [2024-11-05T21:32:44.709Z] Command:       /usr/local/bin/node /usr/local/bin/firebase projects:list --json
[debug] [2024-11-05T21:32:44.709Z] CLI Version:   13.23.1
[debug] [2024-11-05T21:32:44.709Z] Platform:      darwin
[debug] [2024-11-05T21:32:44.709Z] Node Version:  v22.11.0
[debug] [2024-11-05T21:32:44.710Z] Time:          Tue Nov 05 2024 23:32:44 GMT+0200 (Eastern European Standard Time)
[debug] [2024-11-05T21:32:44.710Z] ----------------------------------------------------------------------
[debug] 
[debug] [2024-11-05T21:32:44.712Z] > command requires scopes: ["email","openid","https://www.googleapis.com/auth/cloudplatformprojects.readonly","https://www.googleapis.com/auth/firebase","https://www.googleapis.com/auth/cloud-platform"]
[debug] [2024-11-05T21:32:44.712Z] > authorizing via FIREBASE_TOKEN environment variable
[warn] ⚠  Authenticating with `FIREBASE_TOKEN` is deprecated and will be removed in a future major version of `firebase-tools`. Instead, use a service account key with `GOOGLE_APPLICATION_CREDENTIALS`: https://cloud.google.com/docs/authentication/getting-started 
[debug] [2024-11-05T21:32:44.713Z] No OAuth tokens found
[debug] [2024-11-05T21:32:44.713Z] No OAuth tokens found
[debug] [2024-11-05T21:32:44.714Z] > refreshing access token with scopes: []
[debug] [2024-11-05T21:32:44.714Z] >>> [apiv2][query] POST https://www.googleapis.com/oauth2/v3/token [none]
[debug] [2024-11-05T21:32:44.714Z] >>> [apiv2][body] POST https://www.googleapis.com/oauth2/v3/token [omitted]
[debug] [2024-11-05T21:32:44.940Z] <<< [apiv2][status] POST https://www.googleapis.com/oauth2/v3/token 400
[debug] [2024-11-05T21:32:44.940Z] <<< [apiv2][body] POST https://www.googleapis.com/oauth2/v3/token [omitted]
[debug] [2024-11-05T21:32:44.941Z] >>> [apiv2][query] GET https://firebase.googleapis.com/v1beta1/projects pageSize=1000
[debug] [2024-11-05T21:32:45.210Z] <<< [apiv2][status] GET https://firebase.googleapis.com/v1beta1/projects 401
[debug] [2024-11-05T21:32:45.210Z] <<< [apiv2][body] GET https://firebase.googleapis.com/v1beta1/projects [omitted]
[debug] [2024-11-05T21:32:45.210Z] Got a 401 Unauthenticated error for a call that required authentication. Refreshing tokens.
[debug] [2024-11-05T21:32:45.211Z] No OAuth tokens found
[debug] [2024-11-05T21:32:45.211Z] No OAuth tokens found
[debug] [2024-11-05T21:32:45.211Z] > refreshing access token with scopes: []
[debug] [2024-11-05T21:32:45.212Z] >>> [apiv2][query] POST https://www.googleapis.com/oauth2/v3/token [none]
[debug] [2024-11-05T21:32:45.212Z] >>> [apiv2][body] POST https://www.googleapis.com/oauth2/v3/token [omitted]
[debug] [2024-11-05T21:32:45.287Z] <<< [apiv2][status] POST https://www.googleapis.com/oauth2/v3/token 400
[debug] [2024-11-05T21:32:45.287Z] <<< [apiv2][body] POST https://www.googleapis.com/oauth2/v3/token [omitted]
[debug] [2024-11-05T21:32:45.288Z] Request to https://firebase.googleapis.com/v1beta1/projects?pageSize=1000 had HTTP Error: 401, Request had invalid authentication credentials. Expected OAuth 2 access token, login cookie or other valid authentication credential. See https://developers.google.com/identity/sign-in/web/devconsole-project.
[debug] [2024-11-05T21:32:45.469Z] FirebaseError: Request to https://firebase.googleapis.com/v1beta1/projects?pageSize=1000 had HTTP Error: 401, Request had invalid authentication credentials. Expected OAuth 2 access token, login cookie or other valid authentication credential. See https://developers.google.com/identity/sign-in/web/devconsole-project.
    at responseToError (/usr/local/lib/node_modules/firebase-tools/lib/responseToError.js:52:12)
    at RetryOperation._fn (/usr/local/lib/node_modules/firebase-tools/lib/apiv2.js:312:77)
    at process.processTicksAndRejections (node:internal/process/task_queues:105:5)
[error] 
[error] Error: Failed to list Firebase projects. See firebase-debug.log for more info.
